<?xml version="1.0" encoding="UTF-8"?>
<testsuite name="MapperResiduosTest" tests="4" skipped="0" failures="0" errors="0" timestamp="2022-10-18T18:35:19" hostname="LAPTOP-QTMA8KCV" time="1.948">
  <properties/>
  <testcase name="exportarXMLContenedorTests()" classname="MapperResiduosTest" time="0.757"/>
  <testcase name="leerCSVContenedorTests()" classname="MapperResiduosTest" time="1.015"/>
  <testcase name="exportarJSONContenedorTests()" classname="MapperResiduosTest" time="0.162"/>
  <testcase name="copyCSVContenedorTests()" classname="MapperResiduosTest" time="0.01"/>
  <system-out><![CDATA[]]></system-out>
  <system-err><![CDATA[]]></system-err>
</testsuite>
